[33mWARNING[0m:  [19-10-2024 15:54:24] chroma_server_nofile is not supported on Windows. chroma_server_nofile will not be set.
[32mINFO[0m:     [19-10-2024 15:54:24] Anonymized telemetry enabled. See                     https://docs.trychroma.com/telemetry for more information.
[36mDEBUG[0m:    [19-10-2024 15:54:24] Starting component System
[36mDEBUG[0m:    [19-10-2024 15:54:24] Starting component OpenTelemetryClient
[36mDEBUG[0m:    [19-10-2024 15:54:24] Starting component SqliteDB
[36mDEBUG[0m:    [19-10-2024 15:54:25] Starting component QuotaEnforcer
[36mDEBUG[0m:    [19-10-2024 15:54:25] Starting component Posthog
[36mDEBUG[0m:    [19-10-2024 15:54:25] Starting component SimpleRateLimitEnforcer
[36mDEBUG[0m:    [19-10-2024 15:54:25] Starting component LocalSegmentManager
[36mDEBUG[0m:    [19-10-2024 15:54:25] Starting component LocalExecutor
[36mDEBUG[0m:    [19-10-2024 15:54:25] Starting component SegmentAPI
[32mINFO[0m:     [19-10-2024 15:54:25] Started server process [[36m21988[0m]
[32mINFO[0m:     [19-10-2024 15:54:25] Waiting for application startup.
[32mINFO[0m:     [19-10-2024 15:54:25] Application startup complete.
[32mINFO[0m:     [19-10-2024 15:54:25] Uvicorn running on [1mhttp://localhost:8000[0m (Press CTRL+C to quit)
[32mINFO[0m:     [19-10-2024 15:54:28] ::1:52107 - "GET / HTTP/1.1" 404
[32mINFO[0m:     [19-10-2024 15:54:28] ::1:52107 - "GET /favicon.ico HTTP/1.1" 404
[32mINFO[0m:     [19-10-2024 15:54:31] ::1:52107 - "GET / HTTP/1.1" 404
[32mINFO[0m:     [19-10-2024 15:54:53] Shutting down
[32mINFO[0m:     [19-10-2024 15:54:53] Waiting for application shutdown.
[36mDEBUG[0m:    [19-10-2024 15:54:53] Stopping component System
[36mDEBUG[0m:    [19-10-2024 15:54:53] Stopping component SegmentAPI
[36mDEBUG[0m:    [19-10-2024 15:54:53] Stopping component LocalExecutor
[36mDEBUG[0m:    [19-10-2024 15:54:53] Stopping component LocalSegmentManager
[36mDEBUG[0m:    [19-10-2024 15:54:53] Stopping component SimpleRateLimitEnforcer
[36mDEBUG[0m:    [19-10-2024 15:54:53] Stopping component Posthog
[36mDEBUG[0m:    [19-10-2024 15:54:53] Stopping component QuotaEnforcer
[36mDEBUG[0m:    [19-10-2024 15:54:53] Stopping component SqliteDB
[36mDEBUG[0m:    [19-10-2024 15:54:53] Stopping component OpenTelemetryClient
[32mINFO[0m:     [19-10-2024 15:54:53] Application shutdown complete.
[32mINFO[0m:     [19-10-2024 15:54:53] Finished server process [[36m21988[0m]
[33mWARNING[0m:  [19-10-2024 15:55:19] chroma_server_nofile is not supported on Windows. chroma_server_nofile will not be set.
[32mINFO[0m:     [19-10-2024 15:55:19] Anonymized telemetry enabled. See                     https://docs.trychroma.com/telemetry for more information.
[36mDEBUG[0m:    [19-10-2024 15:55:19] Starting component System
[36mDEBUG[0m:    [19-10-2024 15:55:19] Starting component OpenTelemetryClient
[36mDEBUG[0m:    [19-10-2024 15:55:19] Starting component SqliteDB
[36mDEBUG[0m:    [19-10-2024 15:55:19] Starting component QuotaEnforcer
[36mDEBUG[0m:    [19-10-2024 15:55:19] Starting component Posthog
[36mDEBUG[0m:    [19-10-2024 15:55:19] Starting component SimpleRateLimitEnforcer
[36mDEBUG[0m:    [19-10-2024 15:55:19] Starting component LocalSegmentManager
[36mDEBUG[0m:    [19-10-2024 15:55:19] Starting component LocalExecutor
[36mDEBUG[0m:    [19-10-2024 15:55:19] Starting component SegmentAPI
[32mINFO[0m:     [19-10-2024 15:55:19] Started server process [[36m3552[0m]
[32mINFO[0m:     [19-10-2024 15:55:19] Waiting for application startup.
[32mINFO[0m:     [19-10-2024 15:55:19] Application startup complete.
[32mINFO[0m:     [19-10-2024 15:55:19] Uvicorn running on [1mhttp://localhost:8000[0m (Press CTRL+C to quit)
[32mINFO[0m:     [19-10-2024 15:55:25] ::1:52165 - "GET / HTTP/1.1" 404
[32mINFO[0m:     [19-10-2024 16:03:44] Shutting down
[32mINFO[0m:     [19-10-2024 16:03:45] Waiting for application shutdown.
[36mDEBUG[0m:    [19-10-2024 16:03:45] Stopping component System
[36mDEBUG[0m:    [19-10-2024 16:03:45] Stopping component SegmentAPI
[36mDEBUG[0m:    [19-10-2024 16:03:45] Stopping component LocalExecutor
[36mDEBUG[0m:    [19-10-2024 16:03:45] Stopping component LocalSegmentManager
[36mDEBUG[0m:    [19-10-2024 16:03:45] Stopping component SimpleRateLimitEnforcer
[36mDEBUG[0m:    [19-10-2024 16:03:45] Stopping component Posthog
[36mDEBUG[0m:    [19-10-2024 16:03:45] Stopping component QuotaEnforcer
[36mDEBUG[0m:    [19-10-2024 16:03:45] Stopping component SqliteDB
[36mDEBUG[0m:    [19-10-2024 16:03:45] Stopping component OpenTelemetryClient
[32mINFO[0m:     [19-10-2024 16:03:45] Application shutdown complete.
[32mINFO[0m:     [19-10-2024 16:03:45] Finished server process [[36m3552[0m]
[33mWARNING[0m:  [19-10-2024 17:38:21] chroma_server_nofile is not supported on Windows. chroma_server_nofile will not be set.
[32mINFO[0m:     [19-10-2024 17:38:21] Anonymized telemetry enabled. See                     https://docs.trychroma.com/telemetry for more information.
[36mDEBUG[0m:    [19-10-2024 17:38:21] Starting component System
[36mDEBUG[0m:    [19-10-2024 17:38:21] Starting component OpenTelemetryClient
[36mDEBUG[0m:    [19-10-2024 17:38:21] Starting component SqliteDB
[36mDEBUG[0m:    [19-10-2024 17:38:21] Starting component QuotaEnforcer
[36mDEBUG[0m:    [19-10-2024 17:38:21] Starting component Posthog
[36mDEBUG[0m:    [19-10-2024 17:38:21] Starting component SimpleRateLimitEnforcer
[36mDEBUG[0m:    [19-10-2024 17:38:21] Starting component LocalSegmentManager
[36mDEBUG[0m:    [19-10-2024 17:38:21] Starting component LocalExecutor
[36mDEBUG[0m:    [19-10-2024 17:38:21] Starting component SegmentAPI
[32mINFO[0m:     [19-10-2024 17:38:21] Started server process [[36m21972[0m]
[32mINFO[0m:     [19-10-2024 17:38:21] Waiting for application startup.
[32mINFO[0m:     [19-10-2024 17:38:21] Application startup complete.
[32mINFO[0m:     [19-10-2024 17:38:21] Uvicorn running on [1mhttp://localhost:8000[0m (Press CTRL+C to quit)
[32mINFO[0m:     [19-10-2024 17:38:31] ::1:52922 - "POST /collections HTTP/1.1" 404
[32mINFO[0m:     [19-10-2024 17:38:31] ::1:52923 - "POST /collections/chatbot_users/query HTTP/1.1" 404
[32mINFO[0m:     [19-10-2024 17:40:30] ::1:52969 - "GET / HTTP/1.1" 404
[32mINFO[0m:     [19-10-2024 17:40:34] ::1:52969 - "GET / HTTP/1.1" 404
[32mINFO[0m:     [19-10-2024 17:41:46] ::1:52973 - "GET / HTTP/1.1" 404
[32mINFO[0m:     [19-10-2024 17:48:34] ::1:53092 - "GET /collections HTTP/1.1" 404
[32mINFO[0m:     [19-10-2024 17:57:33] ::1:53203 - "POST /collections HTTP/1.1" 404
[32mINFO[0m:     [19-10-2024 17:57:33] ::1:53204 - "POST /collections/chatbot_users/query HTTP/1.1" 404
[32mINFO[0m:     [19-10-2024 17:59:16] ::1:53219 - "GET / HTTP/1.1" 404
[32mINFO[0m:     [19-10-2024 17:59:40] ::1:53221 - "POST /v1/collections HTTP/1.1" 404
[32mINFO[0m:     [19-10-2024 17:59:40] ::1:53222 - "POST /v1/collections/chatbot_users/query HTTP/1.1" 404
[32mINFO[0m:     [19-10-2024 18:03:08] ::1:53238 - "POST /v1/collections HTTP/1.1" 404
[32mINFO[0m:     [19-10-2024 18:03:08] ::1:53239 - "POST /v1/collections/chatbot_users/query HTTP/1.1" 404
[32mINFO[0m:     [19-10-2024 18:03:27] ::1:53241 - "POST /v1/collections/chatbot_users/query HTTP/1.1" 404
[32mINFO[0m:     [19-10-2024 18:03:52] ::1:53243 - "POST /v1/collections HTTP/1.1" 404
[32mINFO[0m:     [19-10-2024 18:03:52] ::1:53244 - "POST /v1/collections/chatbot_users/query HTTP/1.1" 404
[32mINFO[0m:     [19-10-2024 18:05:33] ::1:53251 - "GET / HTTP/1.1" 404
[32mINFO[0m:     [19-10-2024 18:05:34] ::1:53251 - "GET / HTTP/1.1" 404
[32mINFO[0m:     [19-10-2024 18:06:39] ::1:53289 - "GET /docs HTTP/1.1" 200
[32mINFO[0m:     [19-10-2024 18:06:40] ::1:53289 - "GET /openapi.json HTTP/1.1" 200
[32mINFO[0m:     [19-10-2024 18:07:12] ::1:53302 - "POST /api/v1/collections HTTP/1.1" 200
[32mINFO[0m:     [19-10-2024 18:07:12] ::1:53303 - "POST /api/v1/collections/chatbot_users/query HTTP/1.1" 422
[32mINFO[0m:     [19-10-2024 18:12:31] ::1:53414 - "POST /api/v1/collections HTTP/1.1" 409
[32mINFO[0m:     [19-10-2024 18:12:32] ::1:53415 - "POST /api/v1/collections/chatbot_users/query HTTP/1.1" 422
[32mINFO[0m:     [19-10-2024 18:13:03] ::1:53417 - "POST /api/v1/collections/chatbot_users/query HTTP/1.1" 422
[32mINFO[0m:     [19-10-2024 18:16:13] ::1:53468 - "POST /api/v1/collections HTTP/1.1" 409
[32mINFO[0m:     [19-10-2024 18:16:30] ::1:53470 - "POST /api/v1/collections HTTP/1.1" 409
[32mINFO[0m:     [19-10-2024 18:20:24] ::1:53494 - "POST /api/v1/collections HTTP/1.1" 409
[32mINFO[0m:     [19-10-2024 18:29:13] ::1:53537 - "POST /api/v1/collections HTTP/1.1" 409
[32mINFO[0m:     [19-10-2024 18:30:11] ::1:53541 - "POST /api/v1/collections HTTP/1.1" 409
